<?xml version="1.0" encoding="UTF-8"?>
<testsuites>
  <testsuite name="C:\Users\playc\PhpstormProjects\password-blog-M1-ynov\phpunit.xml" tests="29" assertions="35" errors="1" failures="18" skipped="0" time="6.537126">
    <testsuite name="Unit" tests="1" assertions="1" errors="0" failures="0" skipped="0" time="0.042581">
      <testsuite name="Tests\Unit\ExampleTest" file="C:\Users\playc\PhpstormProjects\password-blog-M1-ynov\tests\Unit\ExampleTest.php" tests="1" assertions="1" errors="0" failures="0" skipped="0" time="0.042581">
        <testcase name="test_that_true_is_true" file="C:\Users\playc\PhpstormProjects\password-blog-M1-ynov\tests\Unit\ExampleTest.php" line="12" class="Tests\Unit\ExampleTest" classname="Tests.Unit.ExampleTest" assertions="1" time="0.042581"/>
      </testsuite>
    </testsuite>
    <testsuite name="Feature" tests="28" assertions="34" errors="1" failures="18" skipped="0" time="6.494545">
      <testsuite name="Tests\Feature\Auth\AuthenticationTest" file="C:\Users\playc\PhpstormProjects\password-blog-M1-ynov\tests\Feature\Auth\AuthenticationTest.php" tests="4" assertions="4" errors="0" failures="2" skipped="0" time="1.530073">
        <testcase name="test_login_screen_can_be_rendered" file="C:\Users\playc\PhpstormProjects\password-blog-M1-ynov\tests\Feature\Auth\AuthenticationTest.php" line="14" class="Tests\Feature\Auth\AuthenticationTest" classname="Tests.Feature.Auth.AuthenticationTest" assertions="1" time="1.172489"/>
        <testcase name="test_users_can_authenticate_using_the_login_screen" file="C:\Users\playc\PhpstormProjects\password-blog-M1-ynov\tests\Feature\Auth\AuthenticationTest.php" line="21" class="Tests\Feature\Auth\AuthenticationTest" classname="Tests.Feature.Auth.AuthenticationTest" assertions="1" time="0.294880">
          <failure type="PHPUnit\Framework\ExpectationFailedException">Tests\Feature\Auth\AuthenticationTest::test_users_can_authenticate_using_the_login_screen&#13;
The user is not authenticated
Failed asserting that false is true.
&#13;
C:\Users\playc\PhpstormProjects\password-blog-M1-ynov\vendor\laravel\framework\src\Illuminate\Foundation\Testing\Concerns\InteractsWithAuthentication.php:49
C:\Users\playc\PhpstormProjects\password-blog-M1-ynov\tests\Feature\Auth\AuthenticationTest.php:30
C:\Users\playc\PhpstormProjects\password-blog-M1-ynov\vendor\laravel\framework\src\Illuminate\Foundation\Testing\TestCase.php:61</failure>
        </testcase>
        <testcase name="test_users_can_not_authenticate_with_invalid_password" file="C:\Users\playc\PhpstormProjects\password-blog-M1-ynov\tests\Feature\Auth\AuthenticationTest.php" line="34" class="Tests\Feature\Auth\AuthenticationTest" classname="Tests.Feature.Auth.AuthenticationTest" assertions="1" time="0.035318"/>
        <testcase name="test_users_can_logout" file="C:\Users\playc\PhpstormProjects\password-blog-M1-ynov\tests\Feature\Auth\AuthenticationTest.php" line="46" class="Tests\Feature\Auth\AuthenticationTest" classname="Tests.Feature.Auth.AuthenticationTest" assertions="1" time="0.027387">
          <failure type="PHPUnit\Framework\ExpectationFailedException">Tests\Feature\Auth\AuthenticationTest::test_users_can_logout&#13;
The user is authenticated
Failed asserting that true is false.
&#13;
C:\Users\playc\PhpstormProjects\password-blog-M1-ynov\vendor\laravel\framework\src\Illuminate\Foundation\Testing\Concerns\InteractsWithAuthentication.php:62
C:\Users\playc\PhpstormProjects\password-blog-M1-ynov\tests\Feature\Auth\AuthenticationTest.php:51
C:\Users\playc\PhpstormProjects\password-blog-M1-ynov\vendor\laravel\framework\src\Illuminate\Foundation\Testing\TestCase.php:61</failure>
        </testcase>
      </testsuite>
      <testsuite name="Tests\Feature\Auth\EmailVerificationTest" file="C:\Users\playc\PhpstormProjects\password-blog-M1-ynov\tests\Feature\Auth\EmailVerificationTest.php" tests="3" assertions="6" errors="0" failures="0" skipped="0" time="0.297886">
        <testcase name="test_email_verification_screen_can_be_rendered" file="C:\Users\playc\PhpstormProjects\password-blog-M1-ynov\tests\Feature\Auth\EmailVerificationTest.php" line="17" class="Tests\Feature\Auth\EmailVerificationTest" classname="Tests.Feature.Auth.EmailVerificationTest" assertions="1" time="0.167267"/>
        <testcase name="test_email_can_be_verified" file="C:\Users\playc\PhpstormProjects\password-blog-M1-ynov\tests\Feature\Auth\EmailVerificationTest.php" line="28" class="Tests\Feature\Auth\EmailVerificationTest" classname="Tests.Feature.Auth.EmailVerificationTest" assertions="4" time="0.064239"/>
        <testcase name="test_email_is_not_verified_with_invalid_hash" file="C:\Users\playc\PhpstormProjects\password-blog-M1-ynov\tests\Feature\Auth\EmailVerificationTest.php" line="49" class="Tests\Feature\Auth\EmailVerificationTest" classname="Tests.Feature.Auth.EmailVerificationTest" assertions="1" time="0.066380"/>
      </testsuite>
      <testsuite name="Tests\Feature\Auth\PasswordConfirmationTest" file="C:\Users\playc\PhpstormProjects\password-blog-M1-ynov\tests\Feature\Auth\PasswordConfirmationTest.php" tests="3" assertions="3" errors="0" failures="2" skipped="0" time="0.420451">
        <testcase name="test_confirm_password_screen_can_be_rendered" file="C:\Users\playc\PhpstormProjects\password-blog-M1-ynov\tests\Feature\Auth\PasswordConfirmationTest.php" line="13" class="Tests\Feature\Auth\PasswordConfirmationTest" classname="Tests.Feature.Auth.PasswordConfirmationTest" assertions="1" time="0.325156"/>
        <testcase name="test_password_can_be_confirmed" file="C:\Users\playc\PhpstormProjects\password-blog-M1-ynov\tests\Feature\Auth\PasswordConfirmationTest.php" line="22" class="Tests\Feature\Auth\PasswordConfirmationTest" classname="Tests.Feature.Auth.PasswordConfirmationTest" assertions="1" time="0.044422">
          <failure type="PHPUnit\Framework\ExpectationFailedException">Tests\Feature\Auth\PasswordConfirmationTest::test_password_can_be_confirmed&#13;
Expected response status code [201, 301, 302, 303, 307, 308] but received 419.
Failed asserting that false is true.
&#13;
C:\Users\playc\PhpstormProjects\password-blog-M1-ynov\vendor\laravel\framework\src\Illuminate\Testing\TestResponse.php:173
C:\Users\playc\PhpstormProjects\password-blog-M1-ynov\tests\Feature\Auth\PasswordConfirmationTest.php:30
C:\Users\playc\PhpstormProjects\password-blog-M1-ynov\vendor\laravel\framework\src\Illuminate\Foundation\Testing\TestCase.php:61</failure>
        </testcase>
        <testcase name="test_password_is_not_confirmed_with_invalid_password" file="C:\Users\playc\PhpstormProjects\password-blog-M1-ynov\tests\Feature\Auth\PasswordConfirmationTest.php" line="34" class="Tests\Feature\Auth\PasswordConfirmationTest" classname="Tests.Feature.Auth.PasswordConfirmationTest" assertions="1" time="0.050874">
          <failure type="PHPUnit\Framework\ExpectationFailedException">Tests\Feature\Auth\PasswordConfirmationTest::test_password_is_not_confirmed_with_invalid_password&#13;
Session is missing expected key [errors].
Failed asserting that false is true.
&#13;
C:\Users\playc\PhpstormProjects\password-blog-M1-ynov\vendor\laravel\framework\src\Illuminate\Testing\TestResponse.php:1263
C:\Users\playc\PhpstormProjects\password-blog-M1-ynov\vendor\laravel\framework\src\Illuminate\Testing\TestResponse.php:1340
C:\Users\playc\PhpstormProjects\password-blog-M1-ynov\tests\Feature\Auth\PasswordConfirmationTest.php:42
C:\Users\playc\PhpstormProjects\password-blog-M1-ynov\vendor\laravel\framework\src\Illuminate\Foundation\Testing\TestCase.php:61</failure>
        </testcase>
      </testsuite>
      <testsuite name="Tests\Feature\Auth\PasswordResetTest" file="C:\Users\playc\PhpstormProjects\password-blog-M1-ynov\tests\Feature\Auth\PasswordResetTest.php" tests="4" assertions="4" errors="0" failures="3" skipped="0" time="0.570607">
        <testcase name="test_reset_password_link_screen_can_be_rendered" file="C:\Users\playc\PhpstormProjects\password-blog-M1-ynov\tests\Feature\Auth\PasswordResetTest.php" line="15" class="Tests\Feature\Auth\PasswordResetTest" classname="Tests.Feature.Auth.PasswordResetTest" assertions="1" time="0.442617"/>
        <testcase name="test_reset_password_link_can_be_requested" file="C:\Users\playc\PhpstormProjects\password-blog-M1-ynov\tests\Feature\Auth\PasswordResetTest.php" line="22" class="Tests\Feature\Auth\PasswordResetTest" classname="Tests.Feature.Auth.PasswordResetTest" assertions="1" time="0.030144">
          <failure type="PHPUnit\Framework\ExpectationFailedException">Tests\Feature\Auth\PasswordResetTest::test_reset_password_link_can_be_requested&#13;
The expected [Illuminate\Auth\Notifications\ResetPassword] notification was not sent.
Failed asserting that false is true.
&#13;
C:\Users\playc\PhpstormProjects\password-blog-M1-ynov\vendor\laravel\framework\src\Illuminate\Support\Testing\Fakes\NotificationFake.php:81
C:\Users\playc\PhpstormProjects\password-blog-M1-ynov\vendor\laravel\framework\src\Illuminate\Support\Facades\Facade.php:355
C:\Users\playc\PhpstormProjects\password-blog-M1-ynov\tests\Feature\Auth\PasswordResetTest.php:30
C:\Users\playc\PhpstormProjects\password-blog-M1-ynov\vendor\laravel\framework\src\Illuminate\Foundation\Testing\TestCase.php:61</failure>
        </testcase>
        <testcase name="test_reset_password_screen_can_be_rendered" file="C:\Users\playc\PhpstormProjects\password-blog-M1-ynov\tests\Feature\Auth\PasswordResetTest.php" line="33" class="Tests\Feature\Auth\PasswordResetTest" classname="Tests.Feature.Auth.PasswordResetTest" assertions="1" time="0.049856">
          <failure type="PHPUnit\Framework\ExpectationFailedException">Tests\Feature\Auth\PasswordResetTest::test_reset_password_screen_can_be_rendered&#13;
The expected [Illuminate\Auth\Notifications\ResetPassword] notification was not sent.
Failed asserting that false is true.
&#13;
C:\Users\playc\PhpstormProjects\password-blog-M1-ynov\vendor\laravel\framework\src\Illuminate\Support\Testing\Fakes\NotificationFake.php:81
C:\Users\playc\PhpstormProjects\password-blog-M1-ynov\vendor\laravel\framework\src\Illuminate\Support\Facades\Facade.php:355
C:\Users\playc\PhpstormProjects\password-blog-M1-ynov\tests\Feature\Auth\PasswordResetTest.php:41
C:\Users\playc\PhpstormProjects\password-blog-M1-ynov\vendor\laravel\framework\src\Illuminate\Foundation\Testing\TestCase.php:61</failure>
        </testcase>
        <testcase name="test_password_can_be_reset_with_valid_token" file="C:\Users\playc\PhpstormProjects\password-blog-M1-ynov\tests\Feature\Auth\PasswordResetTest.php" line="50" class="Tests\Feature\Auth\PasswordResetTest" classname="Tests.Feature.Auth.PasswordResetTest" assertions="1" time="0.047990">
          <failure type="PHPUnit\Framework\ExpectationFailedException">Tests\Feature\Auth\PasswordResetTest::test_password_can_be_reset_with_valid_token&#13;
The expected [Illuminate\Auth\Notifications\ResetPassword] notification was not sent.
Failed asserting that false is true.
&#13;
C:\Users\playc\PhpstormProjects\password-blog-M1-ynov\vendor\laravel\framework\src\Illuminate\Support\Testing\Fakes\NotificationFake.php:81
C:\Users\playc\PhpstormProjects\password-blog-M1-ynov\vendor\laravel\framework\src\Illuminate\Support\Facades\Facade.php:355
C:\Users\playc\PhpstormProjects\password-blog-M1-ynov\tests\Feature\Auth\PasswordResetTest.php:58
C:\Users\playc\PhpstormProjects\password-blog-M1-ynov\vendor\laravel\framework\src\Illuminate\Foundation\Testing\TestCase.php:61</failure>
        </testcase>
      </testsuite>
      <testsuite name="Tests\Feature\Auth\PasswordUpdateTest" file="C:\Users\playc\PhpstormProjects\password-blog-M1-ynov\tests\Feature\Auth\PasswordUpdateTest.php" tests="2" assertions="3" errors="0" failures="2" skipped="0" time="0.116938">
        <testcase name="test_password_can_be_updated" file="C:\Users\playc\PhpstormProjects\password-blog-M1-ynov\tests\Feature\Auth\PasswordUpdateTest.php" line="14" class="Tests\Feature\Auth\PasswordUpdateTest" classname="Tests.Feature.Auth.PasswordUpdateTest" assertions="2" time="0.060782">
          <failure type="PHPUnit\Framework\ExpectationFailedException">Tests\Feature\Auth\PasswordUpdateTest::test_password_can_be_updated&#13;
Expected response status code [201, 301, 302, 303, 307, 308] but received 419.
Failed asserting that false is true.
&#13;
C:\Users\playc\PhpstormProjects\password-blog-M1-ynov\vendor\laravel\framework\src\Illuminate\Testing\TestResponse.php:173
C:\Users\playc\PhpstormProjects\password-blog-M1-ynov\tests\Feature\Auth\PasswordUpdateTest.php:29
C:\Users\playc\PhpstormProjects\password-blog-M1-ynov\vendor\laravel\framework\src\Illuminate\Foundation\Testing\TestCase.php:61</failure>
        </testcase>
        <testcase name="test_correct_password_must_be_provided_to_update_password" file="C:\Users\playc\PhpstormProjects\password-blog-M1-ynov\tests\Feature\Auth\PasswordUpdateTest.php" line="34" class="Tests\Feature\Auth\PasswordUpdateTest" classname="Tests.Feature.Auth.PasswordUpdateTest" assertions="1" time="0.056156">
          <failure type="PHPUnit\Framework\ExpectationFailedException">Tests\Feature\Auth\PasswordUpdateTest::test_correct_password_must_be_provided_to_update_password&#13;
Session is missing expected key [errors].
Failed asserting that false is true.
&#13;
C:\Users\playc\PhpstormProjects\password-blog-M1-ynov\vendor\laravel\framework\src\Illuminate\Testing\TestResponse.php:1263
C:\Users\playc\PhpstormProjects\password-blog-M1-ynov\vendor\laravel\framework\src\Illuminate\Testing\TestResponse.php:1340
C:\Users\playc\PhpstormProjects\password-blog-M1-ynov\vendor\laravel\framework\src\Illuminate\Testing\TestResponse.php:1434
C:\Users\playc\PhpstormProjects\password-blog-M1-ynov\tests\Feature\Auth\PasswordUpdateTest.php:48
C:\Users\playc\PhpstormProjects\password-blog-M1-ynov\vendor\laravel\framework\src\Illuminate\Foundation\Testing\TestCase.php:61</failure>
        </testcase>
      </testsuite>
      <testsuite name="Tests\Feature\Auth\RegistrationTest" file="C:\Users\playc\PhpstormProjects\password-blog-M1-ynov\tests\Feature\Auth\RegistrationTest.php" tests="2" assertions="2" errors="0" failures="1" skipped="0" time="0.884568">
        <testcase name="test_registration_screen_can_be_rendered" file="C:\Users\playc\PhpstormProjects\password-blog-M1-ynov\tests\Feature\Auth\RegistrationTest.php" line="13" class="Tests\Feature\Auth\RegistrationTest" classname="Tests.Feature.Auth.RegistrationTest" assertions="1" time="0.862516"/>
        <testcase name="test_new_users_can_register" file="C:\Users\playc\PhpstormProjects\password-blog-M1-ynov\tests\Feature\Auth\RegistrationTest.php" line="20" class="Tests\Feature\Auth\RegistrationTest" classname="Tests.Feature.Auth.RegistrationTest" assertions="1" time="0.022052">
          <failure type="PHPUnit\Framework\ExpectationFailedException">Tests\Feature\Auth\RegistrationTest::test_new_users_can_register&#13;
The user is not authenticated
Failed asserting that false is true.
&#13;
C:\Users\playc\PhpstormProjects\password-blog-M1-ynov\vendor\laravel\framework\src\Illuminate\Foundation\Testing\Concerns\InteractsWithAuthentication.php:49
C:\Users\playc\PhpstormProjects\password-blog-M1-ynov\tests\Feature\Auth\RegistrationTest.php:29
C:\Users\playc\PhpstormProjects\password-blog-M1-ynov\vendor\laravel\framework\src\Illuminate\Foundation\Testing\TestCase.php:61</failure>
        </testcase>
      </testsuite>
      <testsuite name="Tests\Feature\PostTest" file="C:\Users\playc\PhpstormProjects\password-blog-M1-ynov\tests\Feature\PostTest.php" tests="5" assertions="4" errors="1" failures="4" skipped="0" time="0.289157">
        <testcase name="test_user_can_create_post_with_valid_data" file="C:\Users\playc\PhpstormProjects\password-blog-M1-ynov\tests\Feature\PostTest.php" line="17" class="Tests\Feature\PostTest" classname="Tests.Feature.PostTest" assertions="0" time="0.086994">
          <error type="Illuminate\Database\Eloquent\ModelNotFoundException">Tests\Feature\PostTest::test_user_can_create_post_with_valid_data&#13;
Illuminate\Database\Eloquent\ModelNotFoundException: No query results for model [App\Models\Post].
&#13;
C:\Users\playc\PhpstormProjects\password-blog-M1-ynov\vendor\laravel\framework\src\Illuminate\Database\Eloquent\Builder.php:620
C:\Users\playc\PhpstormProjects\password-blog-M1-ynov\tests\Feature\PostTest.php:33
C:\Users\playc\PhpstormProjects\password-blog-M1-ynov\vendor\laravel\framework\src\Illuminate\Foundation\Testing\TestCase.php:61</error>
        </testcase>
        <testcase name="post_creation_requires_name" file="C:\Users\playc\PhpstormProjects\password-blog-M1-ynov\tests\Feature\PostTest.php" line="43" class="Tests\Feature\PostTest" classname="Tests.Feature.PostTest" assertions="1" time="0.035393">
          <failure type="PHPUnit\Framework\ExpectationFailedException">Tests\Feature\PostTest::post_creation_requires_name&#13;
Session is missing expected key [errors].
Failed asserting that false is true.
&#13;
C:\Users\playc\PhpstormProjects\password-blog-M1-ynov\vendor\laravel\framework\src\Illuminate\Testing\TestResponse.php:1263
C:\Users\playc\PhpstormProjects\password-blog-M1-ynov\vendor\laravel\framework\src\Illuminate\Testing\TestResponse.php:1340
C:\Users\playc\PhpstormProjects\password-blog-M1-ynov\tests\Feature\PostTest.php:58
C:\Users\playc\PhpstormProjects\password-blog-M1-ynov\vendor\laravel\framework\src\Illuminate\Foundation\Testing\TestCase.php:61</failure>
        </testcase>
        <testcase name="post_slug_must_be_unique" file="C:\Users\playc\PhpstormProjects\password-blog-M1-ynov\tests\Feature\PostTest.php" line="62" class="Tests\Feature\PostTest" classname="Tests.Feature.PostTest" assertions="1" time="0.058405">
          <failure type="PHPUnit\Framework\ExpectationFailedException">Tests\Feature\PostTest::post_slug_must_be_unique&#13;
Session is missing expected key [errors].
Failed asserting that false is true.
&#13;
C:\Users\playc\PhpstormProjects\password-blog-M1-ynov\vendor\laravel\framework\src\Illuminate\Testing\TestResponse.php:1263
C:\Users\playc\PhpstormProjects\password-blog-M1-ynov\vendor\laravel\framework\src\Illuminate\Testing\TestResponse.php:1340
C:\Users\playc\PhpstormProjects\password-blog-M1-ynov\tests\Feature\PostTest.php:80
C:\Users\playc\PhpstormProjects\password-blog-M1-ynov\vendor\laravel\framework\src\Illuminate\Foundation\Testing\TestCase.php:61</failure>
        </testcase>
        <testcase name="user_can_update_post_with_valid_data" file="C:\Users\playc\PhpstormProjects\password-blog-M1-ynov\tests\Feature\PostTest.php" line="84" class="Tests\Feature\PostTest" classname="Tests.Feature.PostTest" assertions="1" time="0.036240">
          <failure type="PHPUnit\Framework\ExpectationFailedException">Tests\Feature\PostTest::user_can_update_post_with_valid_data&#13;
Expected response status code [201, 301, 302, 303, 307, 308] but received 419.
Failed asserting that false is true.
&#13;
C:\Users\playc\PhpstormProjects\password-blog-M1-ynov\vendor\laravel\framework\src\Illuminate\Testing\TestResponse.php:173
C:\Users\playc\PhpstormProjects\password-blog-M1-ynov\tests\Feature\PostTest.php:102
C:\Users\playc\PhpstormProjects\password-blog-M1-ynov\vendor\laravel\framework\src\Illuminate\Foundation\Testing\TestCase.php:61</failure>
        </testcase>
        <testcase name="test_post_update_slug_must_be_unique_except_current_post" file="C:\Users\playc\PhpstormProjects\password-blog-M1-ynov\tests\Feature\PostTest.php" line="109" class="Tests\Feature\PostTest" classname="Tests.Feature.PostTest" assertions="1" time="0.072126">
          <failure type="PHPUnit\Framework\ExpectationFailedException">Tests\Feature\PostTest::test_post_update_slug_must_be_unique_except_current_post&#13;
Session is missing expected key [errors].
Failed asserting that false is true.
&#13;
C:\Users\playc\PhpstormProjects\password-blog-M1-ynov\vendor\laravel\framework\src\Illuminate\Testing\TestResponse.php:1263
C:\Users\playc\PhpstormProjects\password-blog-M1-ynov\vendor\laravel\framework\src\Illuminate\Testing\TestResponse.php:1340
C:\Users\playc\PhpstormProjects\password-blog-M1-ynov\tests\Feature\PostTest.php:125
C:\Users\playc\PhpstormProjects\password-blog-M1-ynov\vendor\laravel\framework\src\Illuminate\Foundation\Testing\TestCase.php:61</failure>
        </testcase>
      </testsuite>
      <testsuite name="Tests\Feature\ProfileTest" file="C:\Users\playc\PhpstormProjects\password-blog-M1-ynov\tests\Feature\ProfileTest.php" tests="5" assertions="8" errors="0" failures="4" skipped="0" time="2.384864">
        <testcase name="test_profile_page_is_displayed" file="C:\Users\playc\PhpstormProjects\password-blog-M1-ynov\tests\Feature\ProfileTest.php" line="13" class="Tests\Feature\ProfileTest" classname="Tests.Feature.ProfileTest" assertions="1" time="2.211978"/>
        <testcase name="test_profile_information_can_be_updated" file="C:\Users\playc\PhpstormProjects\password-blog-M1-ynov\tests\Feature\ProfileTest.php" line="24" class="Tests\Feature\ProfileTest" classname="Tests.Feature.ProfileTest" assertions="2" time="0.049416">
          <failure type="PHPUnit\Framework\ExpectationFailedException">Tests\Feature\ProfileTest::test_profile_information_can_be_updated&#13;
Expected response status code [201, 301, 302, 303, 307, 308] but received 419.
Failed asserting that false is true.
&#13;
C:\Users\playc\PhpstormProjects\password-blog-M1-ynov\vendor\laravel\framework\src\Illuminate\Testing\TestResponse.php:173
C:\Users\playc\PhpstormProjects\password-blog-M1-ynov\tests\Feature\ProfileTest.php:37
C:\Users\playc\PhpstormProjects\password-blog-M1-ynov\vendor\laravel\framework\src\Illuminate\Foundation\Testing\TestCase.php:61</failure>
        </testcase>
        <testcase name="test_email_verification_status_is_unchanged_when_the_email_address_is_unchanged" file="C:\Users\playc\PhpstormProjects\password-blog-M1-ynov\tests\Feature\ProfileTest.php" line="46" class="Tests\Feature\ProfileTest" classname="Tests.Feature.ProfileTest" assertions="2" time="0.056954">
          <failure type="PHPUnit\Framework\ExpectationFailedException">Tests\Feature\ProfileTest::test_email_verification_status_is_unchanged_when_the_email_address_is_unchanged&#13;
Expected response status code [201, 301, 302, 303, 307, 308] but received 419.
Failed asserting that false is true.
&#13;
C:\Users\playc\PhpstormProjects\password-blog-M1-ynov\vendor\laravel\framework\src\Illuminate\Testing\TestResponse.php:173
C:\Users\playc\PhpstormProjects\password-blog-M1-ynov\tests\Feature\ProfileTest.php:59
C:\Users\playc\PhpstormProjects\password-blog-M1-ynov\vendor\laravel\framework\src\Illuminate\Foundation\Testing\TestCase.php:61</failure>
        </testcase>
        <testcase name="test_user_can_delete_their_account" file="C:\Users\playc\PhpstormProjects\password-blog-M1-ynov\tests\Feature\ProfileTest.php" line="64" class="Tests\Feature\ProfileTest" classname="Tests.Feature.ProfileTest" assertions="2" time="0.031772">
          <failure type="PHPUnit\Framework\ExpectationFailedException">Tests\Feature\ProfileTest::test_user_can_delete_their_account&#13;
Expected response status code [201, 301, 302, 303, 307, 308] but received 419.
Failed asserting that false is true.
&#13;
C:\Users\playc\PhpstormProjects\password-blog-M1-ynov\vendor\laravel\framework\src\Illuminate\Testing\TestResponse.php:173
C:\Users\playc\PhpstormProjects\password-blog-M1-ynov\tests\Feature\ProfileTest.php:76
C:\Users\playc\PhpstormProjects\password-blog-M1-ynov\vendor\laravel\framework\src\Illuminate\Foundation\Testing\TestCase.php:61</failure>
        </testcase>
        <testcase name="test_correct_password_must_be_provided_to_delete_account" file="C:\Users\playc\PhpstormProjects\password-blog-M1-ynov\tests\Feature\ProfileTest.php" line="82" class="Tests\Feature\ProfileTest" classname="Tests.Feature.ProfileTest" assertions="1" time="0.034744">
          <failure type="PHPUnit\Framework\ExpectationFailedException">Tests\Feature\ProfileTest::test_correct_password_must_be_provided_to_delete_account&#13;
Session is missing expected key [errors].
Failed asserting that false is true.
&#13;
C:\Users\playc\PhpstormProjects\password-blog-M1-ynov\vendor\laravel\framework\src\Illuminate\Testing\TestResponse.php:1263
C:\Users\playc\PhpstormProjects\password-blog-M1-ynov\vendor\laravel\framework\src\Illuminate\Testing\TestResponse.php:1340
C:\Users\playc\PhpstormProjects\password-blog-M1-ynov\vendor\laravel\framework\src\Illuminate\Testing\TestResponse.php:1434
C:\Users\playc\PhpstormProjects\password-blog-M1-ynov\tests\Feature\ProfileTest.php:94
C:\Users\playc\PhpstormProjects\password-blog-M1-ynov\vendor\laravel\framework\src\Illuminate\Foundation\Testing\TestCase.php:61</failure>
        </testcase>
      </testsuite>
    </testsuite>
  </testsuite>
</testsuites>
