<?xml version="1.0" encoding="UTF-8"?>
<testsuites>
  <testsuite name="C:\Users\playc\PhpstormProjects\password-blog-M1-ynov\phpunit.xml" tests="36" assertions="82" errors="0" failures="0" skipped="0" time="2.815697">
    <testsuite name="Unit" tests="1" assertions="1" errors="0" failures="0" skipped="0" time="0.003134">
      <testsuite name="Tests\Unit\ExampleTest" file="C:\Users\playc\PhpstormProjects\password-blog-M1-ynov\tests\Unit\ExampleTest.php" tests="1" assertions="1" errors="0" failures="0" skipped="0" time="0.003134">
        <testcase name="test_that_true_is_true" file="C:\Users\playc\PhpstormProjects\password-blog-M1-ynov\tests\Unit\ExampleTest.php" line="12" class="Tests\Unit\ExampleTest" classname="Tests.Unit.ExampleTest" assertions="1" time="0.003134"/>
      </testsuite>
    </testsuite>
    <testsuite name="Feature" tests="35" assertions="81" errors="0" failures="0" skipped="0" time="2.812562">
      <testsuite name="Tests\Feature\Auth\AuthenticationTest" file="C:\Users\playc\PhpstormProjects\password-blog-M1-ynov\tests\Feature\Auth\AuthenticationTest.php" tests="4" assertions="8" errors="0" failures="0" skipped="0" time="0.628622">
        <testcase name="test_login_screen_can_be_rendered" file="C:\Users\playc\PhpstormProjects\password-blog-M1-ynov\tests\Feature\Auth\AuthenticationTest.php" line="14" class="Tests\Feature\Auth\AuthenticationTest" classname="Tests.Feature.Auth.AuthenticationTest" assertions="1" time="0.232547"/>
        <testcase name="test_users_can_authenticate_using_the_login_screen" file="C:\Users\playc\PhpstormProjects\password-blog-M1-ynov\tests\Feature\Auth\AuthenticationTest.php" line="21" class="Tests\Feature\Auth\AuthenticationTest" classname="Tests.Feature.Auth.AuthenticationTest" assertions="3" time="0.079767"/>
        <testcase name="test_users_can_not_authenticate_with_invalid_password" file="C:\Users\playc\PhpstormProjects\password-blog-M1-ynov\tests\Feature\Auth\AuthenticationTest.php" line="34" class="Tests\Feature\Auth\AuthenticationTest" classname="Tests.Feature.Auth.AuthenticationTest" assertions="1" time="0.257654"/>
        <testcase name="test_users_can_logout" file="C:\Users\playc\PhpstormProjects\password-blog-M1-ynov\tests\Feature\Auth\AuthenticationTest.php" line="46" class="Tests\Feature\Auth\AuthenticationTest" classname="Tests.Feature.Auth.AuthenticationTest" assertions="3" time="0.058655"/>
      </testsuite>
      <testsuite name="Tests\Feature\Auth\EmailVerificationTest" file="C:\Users\playc\PhpstormProjects\password-blog-M1-ynov\tests\Feature\Auth\EmailVerificationTest.php" tests="3" assertions="6" errors="0" failures="0" skipped="0" time="0.183283">
        <testcase name="test_email_verification_screen_can_be_rendered" file="C:\Users\playc\PhpstormProjects\password-blog-M1-ynov\tests\Feature\Auth\EmailVerificationTest.php" line="17" class="Tests\Feature\Auth\EmailVerificationTest" classname="Tests.Feature.Auth.EmailVerificationTest" assertions="1" time="0.061832"/>
        <testcase name="test_email_can_be_verified" file="C:\Users\playc\PhpstormProjects\password-blog-M1-ynov\tests\Feature\Auth\EmailVerificationTest.php" line="28" class="Tests\Feature\Auth\EmailVerificationTest" classname="Tests.Feature.Auth.EmailVerificationTest" assertions="4" time="0.062130"/>
        <testcase name="test_email_is_not_verified_with_invalid_hash" file="C:\Users\playc\PhpstormProjects\password-blog-M1-ynov\tests\Feature\Auth\EmailVerificationTest.php" line="49" class="Tests\Feature\Auth\EmailVerificationTest" classname="Tests.Feature.Auth.EmailVerificationTest" assertions="1" time="0.059321"/>
      </testsuite>
      <testsuite name="Tests\Feature\Auth\PasswordConfirmationTest" file="C:\Users\playc\PhpstormProjects\password-blog-M1-ynov\tests\Feature\Auth\PasswordConfirmationTest.php" tests="3" assertions="4" errors="0" failures="0" skipped="0" time="0.374504">
        <testcase name="test_confirm_password_screen_can_be_rendered" file="C:\Users\playc\PhpstormProjects\password-blog-M1-ynov\tests\Feature\Auth\PasswordConfirmationTest.php" line="13" class="Tests\Feature\Auth\PasswordConfirmationTest" classname="Tests.Feature.Auth.PasswordConfirmationTest" assertions="1" time="0.063028"/>
        <testcase name="test_password_can_be_confirmed" file="C:\Users\playc\PhpstormProjects\password-blog-M1-ynov\tests\Feature\Auth\PasswordConfirmationTest.php" line="22" class="Tests\Feature\Auth\PasswordConfirmationTest" classname="Tests.Feature.Auth.PasswordConfirmationTest" assertions="2" time="0.059030"/>
        <testcase name="test_password_is_not_confirmed_with_invalid_password" file="C:\Users\playc\PhpstormProjects\password-blog-M1-ynov\tests\Feature\Auth\PasswordConfirmationTest.php" line="34" class="Tests\Feature\Auth\PasswordConfirmationTest" classname="Tests.Feature.Auth.PasswordConfirmationTest" assertions="1" time="0.252445"/>
      </testsuite>
      <testsuite name="Tests\Feature\Auth\PasswordResetTest" file="C:\Users\playc\PhpstormProjects\password-blog-M1-ynov\tests\Feature\Auth\PasswordResetTest.php" tests="4" assertions="6" errors="0" failures="0" skipped="0" time="0.268308">
        <testcase name="test_reset_password_link_screen_can_be_rendered" file="C:\Users\playc\PhpstormProjects\password-blog-M1-ynov\tests\Feature\Auth\PasswordResetTest.php" line="15" class="Tests\Feature\Auth\PasswordResetTest" classname="Tests.Feature.Auth.PasswordResetTest" assertions="1" time="0.060552"/>
        <testcase name="test_reset_password_link_can_be_requested" file="C:\Users\playc\PhpstormProjects\password-blog-M1-ynov\tests\Feature\Auth\PasswordResetTest.php" line="22" class="Tests\Feature\Auth\PasswordResetTest" classname="Tests.Feature.Auth.PasswordResetTest" assertions="1" time="0.071251"/>
        <testcase name="test_reset_password_screen_can_be_rendered" file="C:\Users\playc\PhpstormProjects\password-blog-M1-ynov\tests\Feature\Auth\PasswordResetTest.php" line="33" class="Tests\Feature\Auth\PasswordResetTest" classname="Tests.Feature.Auth.PasswordResetTest" assertions="2" time="0.070004"/>
        <testcase name="test_password_can_be_reset_with_valid_token" file="C:\Users\playc\PhpstormProjects\password-blog-M1-ynov\tests\Feature\Auth\PasswordResetTest.php" line="50" class="Tests\Feature\Auth\PasswordResetTest" classname="Tests.Feature.Auth.PasswordResetTest" assertions="2" time="0.066501"/>
      </testsuite>
      <testsuite name="Tests\Feature\Auth\PasswordUpdateTest" file="C:\Users\playc\PhpstormProjects\password-blog-M1-ynov\tests\Feature\Auth\PasswordUpdateTest.php" tests="2" assertions="8" errors="0" failures="0" skipped="0" time="0.121504">
        <testcase name="test_password_can_be_updated" file="C:\Users\playc\PhpstormProjects\password-blog-M1-ynov\tests\Feature\Auth\PasswordUpdateTest.php" line="14" class="Tests\Feature\Auth\PasswordUpdateTest" classname="Tests.Feature.Auth.PasswordUpdateTest" assertions="4" time="0.063057"/>
        <testcase name="test_correct_password_must_be_provided_to_update_password" file="C:\Users\playc\PhpstormProjects\password-blog-M1-ynov\tests\Feature\Auth\PasswordUpdateTest.php" line="34" class="Tests\Feature\Auth\PasswordUpdateTest" classname="Tests.Feature.Auth.PasswordUpdateTest" assertions="4" time="0.058448"/>
      </testsuite>
      <testsuite name="Tests\Feature\Auth\RegistrationTest" file="C:\Users\playc\PhpstormProjects\password-blog-M1-ynov\tests\Feature\Auth\RegistrationTest.php" tests="2" assertions="4" errors="0" failures="0" skipped="0" time="0.119467">
        <testcase name="test_registration_screen_can_be_rendered" file="C:\Users\playc\PhpstormProjects\password-blog-M1-ynov\tests\Feature\Auth\RegistrationTest.php" line="13" class="Tests\Feature\Auth\RegistrationTest" classname="Tests.Feature.Auth.RegistrationTest" assertions="1" time="0.061007"/>
        <testcase name="test_new_users_can_register" file="C:\Users\playc\PhpstormProjects\password-blog-M1-ynov\tests\Feature\Auth\RegistrationTest.php" line="20" class="Tests\Feature\Auth\RegistrationTest" classname="Tests.Feature.Auth.RegistrationTest" assertions="3" time="0.058460"/>
      </testsuite>
      <testsuite name="DataCategoryTest" file="C:\Users\playc\PhpstormProjects\password-blog-M1-ynov\tests\Feature\DataCategoryTest.php" tests="3" assertions="4" errors="0" failures="0" skipped="0" time="0.211094">
        <testcase name="component_can_render" file="C:\Users\playc\PhpstormProjects\password-blog-M1-ynov\tests\Feature\DataCategoryTest.php" line="14" class="DataCategoryTest" classname="DataCategoryTest" assertions="2" time="0.069286"/>
        <testcase name="can_create_category" file="C:\Users\playc\PhpstormProjects\password-blog-M1-ynov\tests\Feature\DataCategoryTest.php" line="25" class="DataCategoryTest" classname="DataCategoryTest" assertions="1" time="0.076950"/>
        <testcase name="can_search_for_categories" file="C:\Users\playc\PhpstormProjects\password-blog-M1-ynov\tests\Feature\DataCategoryTest.php" line="38" class="DataCategoryTest" classname="DataCategoryTest" assertions="1" time="0.064859"/>
      </testsuite>
      <testsuite name="DataClientTest" file="C:\Users\playc\PhpstormProjects\password-blog-M1-ynov\tests\Feature\DataClientTest.php" tests="4" assertions="6" errors="0" failures="0" skipped="0" time="0.269935">
        <testcase name="can_create_client" file="C:\Users\playc\PhpstormProjects\password-blog-M1-ynov\tests\Feature\DataClientTest.php" line="15" class="DataClientTest" classname="DataClientTest" assertions="1" time="0.060020"/>
        <testcase name="can_update_client" file="C:\Users\playc\PhpstormProjects\password-blog-M1-ynov\tests\Feature\DataClientTest.php" line="25" class="DataClientTest" classname="DataClientTest" assertions="2" time="0.084965"/>
        <testcase name="can_delete_client" file="C:\Users\playc\PhpstormProjects\password-blog-M1-ynov\tests\Feature\DataClientTest.php" line="45" class="DataClientTest" classname="DataClientTest" assertions="1" time="0.065558"/>
        <testcase name="can_render_component" file="C:\Users\playc\PhpstormProjects\password-blog-M1-ynov\tests\Feature\DataClientTest.php" line="58" class="DataClientTest" classname="DataClientTest" assertions="2" time="0.059392"/>
      </testsuite>
      <testsuite name="Tests\Feature\PostTest" file="C:\Users\playc\PhpstormProjects\password-blog-M1-ynov\tests\Feature\PostTest.php" tests="5" assertions="14" errors="0" failures="0" skipped="0" time="0.320316">
        <testcase name="test_user_can_create_post_with_valid_data" file="C:\Users\playc\PhpstormProjects\password-blog-M1-ynov\tests\Feature\PostTest.php" line="17" class="Tests\Feature\PostTest" classname="Tests.Feature.PostTest" assertions="4" time="0.067867"/>
        <testcase name="post_creation_requires_name" file="C:\Users\playc\PhpstormProjects\password-blog-M1-ynov\tests\Feature\PostTest.php" line="43" class="Tests\Feature\PostTest" classname="Tests.Feature.PostTest" assertions="2" time="0.064110"/>
        <testcase name="post_slug_must_be_unique" file="C:\Users\playc\PhpstormProjects\password-blog-M1-ynov\tests\Feature\PostTest.php" line="62" class="Tests\Feature\PostTest" classname="Tests.Feature.PostTest" assertions="2" time="0.062135"/>
        <testcase name="user_can_update_post_with_valid_data" file="C:\Users\playc\PhpstormProjects\password-blog-M1-ynov\tests\Feature\PostTest.php" line="84" class="Tests\Feature\PostTest" classname="Tests.Feature.PostTest" assertions="4" time="0.063987"/>
        <testcase name="test_post_update_slug_must_be_unique_except_current_post" file="C:\Users\playc\PhpstormProjects\password-blog-M1-ynov\tests\Feature\PostTest.php" line="109" class="Tests\Feature\PostTest" classname="Tests.Feature.PostTest" assertions="2" time="0.062217"/>
      </testsuite>
      <testsuite name="Tests\Feature\ProfileTest" file="C:\Users\playc\PhpstormProjects\password-blog-M1-ynov\tests\Feature\ProfileTest.php" tests="5" assertions="21" errors="0" failures="0" skipped="0" time="0.315528">
        <testcase name="test_profile_page_is_displayed" file="C:\Users\playc\PhpstormProjects\password-blog-M1-ynov\tests\Feature\ProfileTest.php" line="13" class="Tests\Feature\ProfileTest" classname="Tests.Feature.ProfileTest" assertions="1" time="0.073026"/>
        <testcase name="test_profile_information_can_be_updated" file="C:\Users\playc\PhpstormProjects\password-blog-M1-ynov\tests\Feature\ProfileTest.php" line="24" class="Tests\Feature\ProfileTest" classname="Tests.Feature.ProfileTest" assertions="6" time="0.059222"/>
        <testcase name="test_email_verification_status_is_unchanged_when_the_email_address_is_unchanged" file="C:\Users\playc\PhpstormProjects\password-blog-M1-ynov\tests\Feature\ProfileTest.php" line="46" class="Tests\Feature\ProfileTest" classname="Tests.Feature.ProfileTest" assertions="4" time="0.058810"/>
        <testcase name="test_user_can_delete_their_account" file="C:\Users\playc\PhpstormProjects\password-blog-M1-ynov\tests\Feature\ProfileTest.php" line="64" class="Tests\Feature\ProfileTest" classname="Tests.Feature.ProfileTest" assertions="5" time="0.062234"/>
        <testcase name="test_correct_password_must_be_provided_to_delete_account" file="C:\Users\playc\PhpstormProjects\password-blog-M1-ynov\tests\Feature\ProfileTest.php" line="82" class="Tests\Feature\ProfileTest" classname="Tests.Feature.ProfileTest" assertions="5" time="0.062236"/>
      </testsuite>
    </testsuite>
  </testsuite>
</testsuites>
