<?xml version="1.0" encoding="UTF-8"?>
<testsuites>
  <testsuite name="C:\Users\playc\PhpstormProjects\password-blog-M1-ynov\phpunit.xml" tests="32" assertions="76" errors="0" failures="0" skipped="0" time="4.015748">
    <testsuite name="Unit" tests="1" assertions="1" errors="0" failures="0" skipped="0" time="0.003153">
      <testsuite name="Tests\Unit\ExampleTest" file="C:\Users\playc\PhpstormProjects\password-blog-M1-ynov\tests\Unit\ExampleTest.php" tests="1" assertions="1" errors="0" failures="0" skipped="0" time="0.003153">
        <testcase name="test_that_true_is_true" file="C:\Users\playc\PhpstormProjects\password-blog-M1-ynov\tests\Unit\ExampleTest.php" line="12" class="Tests\Unit\ExampleTest" classname="Tests.Unit.ExampleTest" assertions="1" time="0.003153"/>
      </testsuite>
    </testsuite>
    <testsuite name="Feature" tests="31" assertions="75" errors="0" failures="0" skipped="0" time="4.012595">
      <testsuite name="Tests\Feature\Auth\AuthenticationTest" file="C:\Users\playc\PhpstormProjects\password-blog-M1-ynov\tests\Feature\Auth\AuthenticationTest.php" tests="4" assertions="8" errors="0" failures="0" skipped="0" time="0.895857">
        <testcase name="test_login_screen_can_be_rendered" file="C:\Users\playc\PhpstormProjects\password-blog-M1-ynov\tests\Feature\Auth\AuthenticationTest.php" line="14" class="Tests\Feature\Auth\AuthenticationTest" classname="Tests.Feature.Auth.AuthenticationTest" assertions="1" time="0.483130"/>
        <testcase name="test_users_can_authenticate_using_the_login_screen" file="C:\Users\playc\PhpstormProjects\password-blog-M1-ynov\tests\Feature\Auth\AuthenticationTest.php" line="21" class="Tests\Feature\Auth\AuthenticationTest" classname="Tests.Feature.Auth.AuthenticationTest" assertions="3" time="0.081610"/>
        <testcase name="test_users_can_not_authenticate_with_invalid_password" file="C:\Users\playc\PhpstormProjects\password-blog-M1-ynov\tests\Feature\Auth\AuthenticationTest.php" line="34" class="Tests\Feature\Auth\AuthenticationTest" classname="Tests.Feature.Auth.AuthenticationTest" assertions="1" time="0.264514"/>
        <testcase name="test_users_can_logout" file="C:\Users\playc\PhpstormProjects\password-blog-M1-ynov\tests\Feature\Auth\AuthenticationTest.php" line="46" class="Tests\Feature\Auth\AuthenticationTest" classname="Tests.Feature.Auth.AuthenticationTest" assertions="3" time="0.066603"/>
      </testsuite>
      <testsuite name="Tests\Feature\Auth\EmailVerificationTest" file="C:\Users\playc\PhpstormProjects\password-blog-M1-ynov\tests\Feature\Auth\EmailVerificationTest.php" tests="3" assertions="6" errors="0" failures="0" skipped="0" time="0.186041">
        <testcase name="test_email_verification_screen_can_be_rendered" file="C:\Users\playc\PhpstormProjects\password-blog-M1-ynov\tests\Feature\Auth\EmailVerificationTest.php" line="17" class="Tests\Feature\Auth\EmailVerificationTest" classname="Tests.Feature.Auth.EmailVerificationTest" assertions="1" time="0.060984"/>
        <testcase name="test_email_can_be_verified" file="C:\Users\playc\PhpstormProjects\password-blog-M1-ynov\tests\Feature\Auth\EmailVerificationTest.php" line="28" class="Tests\Feature\Auth\EmailVerificationTest" classname="Tests.Feature.Auth.EmailVerificationTest" assertions="4" time="0.063205"/>
        <testcase name="test_email_is_not_verified_with_invalid_hash" file="C:\Users\playc\PhpstormProjects\password-blog-M1-ynov\tests\Feature\Auth\EmailVerificationTest.php" line="49" class="Tests\Feature\Auth\EmailVerificationTest" classname="Tests.Feature.Auth.EmailVerificationTest" assertions="1" time="0.061852"/>
      </testsuite>
      <testsuite name="Tests\Feature\Auth\PasswordConfirmationTest" file="C:\Users\playc\PhpstormProjects\password-blog-M1-ynov\tests\Feature\Auth\PasswordConfirmationTest.php" tests="3" assertions="4" errors="0" failures="0" skipped="0" time="0.370817">
        <testcase name="test_confirm_password_screen_can_be_rendered" file="C:\Users\playc\PhpstormProjects\password-blog-M1-ynov\tests\Feature\Auth\PasswordConfirmationTest.php" line="13" class="Tests\Feature\Auth\PasswordConfirmationTest" classname="Tests.Feature.Auth.PasswordConfirmationTest" assertions="1" time="0.063382"/>
        <testcase name="test_password_can_be_confirmed" file="C:\Users\playc\PhpstormProjects\password-blog-M1-ynov\tests\Feature\Auth\PasswordConfirmationTest.php" line="22" class="Tests\Feature\Auth\PasswordConfirmationTest" classname="Tests.Feature.Auth.PasswordConfirmationTest" assertions="2" time="0.057941"/>
        <testcase name="test_password_is_not_confirmed_with_invalid_password" file="C:\Users\playc\PhpstormProjects\password-blog-M1-ynov\tests\Feature\Auth\PasswordConfirmationTest.php" line="34" class="Tests\Feature\Auth\PasswordConfirmationTest" classname="Tests.Feature.Auth.PasswordConfirmationTest" assertions="1" time="0.249493"/>
      </testsuite>
      <testsuite name="Tests\Feature\Auth\PasswordResetTest" file="C:\Users\playc\PhpstormProjects\password-blog-M1-ynov\tests\Feature\Auth\PasswordResetTest.php" tests="4" assertions="6" errors="0" failures="0" skipped="0" time="1.308223">
        <testcase name="test_reset_password_link_screen_can_be_rendered" file="C:\Users\playc\PhpstormProjects\password-blog-M1-ynov\tests\Feature\Auth\PasswordResetTest.php" line="15" class="Tests\Feature\Auth\PasswordResetTest" classname="Tests.Feature.Auth.PasswordResetTest" assertions="1" time="0.060357"/>
        <testcase name="test_reset_password_link_can_be_requested" file="C:\Users\playc\PhpstormProjects\password-blog-M1-ynov\tests\Feature\Auth\PasswordResetTest.php" line="22" class="Tests\Feature\Auth\PasswordResetTest" classname="Tests.Feature.Auth.PasswordResetTest" assertions="1" time="0.518789"/>
        <testcase name="test_reset_password_screen_can_be_rendered" file="C:\Users\playc\PhpstormProjects\password-blog-M1-ynov\tests\Feature\Auth\PasswordResetTest.php" line="33" class="Tests\Feature\Auth\PasswordResetTest" classname="Tests.Feature.Auth.PasswordResetTest" assertions="2" time="0.636087"/>
        <testcase name="test_password_can_be_reset_with_valid_token" file="C:\Users\playc\PhpstormProjects\password-blog-M1-ynov\tests\Feature\Auth\PasswordResetTest.php" line="50" class="Tests\Feature\Auth\PasswordResetTest" classname="Tests.Feature.Auth.PasswordResetTest" assertions="2" time="0.092990"/>
      </testsuite>
      <testsuite name="Tests\Feature\Auth\PasswordUpdateTest" file="C:\Users\playc\PhpstormProjects\password-blog-M1-ynov\tests\Feature\Auth\PasswordUpdateTest.php" tests="2" assertions="8" errors="0" failures="0" skipped="0" time="0.123117">
        <testcase name="test_password_can_be_updated" file="C:\Users\playc\PhpstormProjects\password-blog-M1-ynov\tests\Feature\Auth\PasswordUpdateTest.php" line="14" class="Tests\Feature\Auth\PasswordUpdateTest" classname="Tests.Feature.Auth.PasswordUpdateTest" assertions="4" time="0.064123"/>
        <testcase name="test_correct_password_must_be_provided_to_update_password" file="C:\Users\playc\PhpstormProjects\password-blog-M1-ynov\tests\Feature\Auth\PasswordUpdateTest.php" line="34" class="Tests\Feature\Auth\PasswordUpdateTest" classname="Tests.Feature.Auth.PasswordUpdateTest" assertions="4" time="0.058995"/>
      </testsuite>
      <testsuite name="Tests\Feature\Auth\RegistrationTest" file="C:\Users\playc\PhpstormProjects\password-blog-M1-ynov\tests\Feature\Auth\RegistrationTest.php" tests="2" assertions="4" errors="0" failures="0" skipped="0" time="0.138624">
        <testcase name="test_registration_screen_can_be_rendered" file="C:\Users\playc\PhpstormProjects\password-blog-M1-ynov\tests\Feature\Auth\RegistrationTest.php" line="13" class="Tests\Feature\Auth\RegistrationTest" classname="Tests.Feature.Auth.RegistrationTest" assertions="1" time="0.062957"/>
        <testcase name="test_new_users_can_register" file="C:\Users\playc\PhpstormProjects\password-blog-M1-ynov\tests\Feature\Auth\RegistrationTest.php" line="20" class="Tests\Feature\Auth\RegistrationTest" classname="Tests.Feature.Auth.RegistrationTest" assertions="3" time="0.075666"/>
      </testsuite>
      <testsuite name="DataCategoryTest" file="C:\Users\playc\PhpstormProjects\password-blog-M1-ynov\tests\Feature\DataCategoryTest.php" tests="3" assertions="4" errors="0" failures="0" skipped="0" time="0.210407">
        <testcase name="component_can_render" file="C:\Users\playc\PhpstormProjects\password-blog-M1-ynov\tests\Feature\DataCategoryTest.php" line="14" class="DataCategoryTest" classname="DataCategoryTest" assertions="2" time="0.069050"/>
        <testcase name="can_create_category" file="C:\Users\playc\PhpstormProjects\password-blog-M1-ynov\tests\Feature\DataCategoryTest.php" line="25" class="DataCategoryTest" classname="DataCategoryTest" assertions="1" time="0.078140"/>
        <testcase name="can_search_for_categories" file="C:\Users\playc\PhpstormProjects\password-blog-M1-ynov\tests\Feature\DataCategoryTest.php" line="38" class="DataCategoryTest" classname="DataCategoryTest" assertions="1" time="0.063217"/>
      </testsuite>
      <testsuite name="Tests\Feature\PostTest" file="C:\Users\playc\PhpstormProjects\password-blog-M1-ynov\tests\Feature\PostTest.php" tests="5" assertions="14" errors="0" failures="0" skipped="0" time="0.334581">
        <testcase name="test_user_can_create_post_with_valid_data" file="C:\Users\playc\PhpstormProjects\password-blog-M1-ynov\tests\Feature\PostTest.php" line="17" class="Tests\Feature\PostTest" classname="Tests.Feature.PostTest" assertions="4" time="0.079782"/>
        <testcase name="post_creation_requires_name" file="C:\Users\playc\PhpstormProjects\password-blog-M1-ynov\tests\Feature\PostTest.php" line="43" class="Tests\Feature\PostTest" classname="Tests.Feature.PostTest" assertions="2" time="0.061874"/>
        <testcase name="post_slug_must_be_unique" file="C:\Users\playc\PhpstormProjects\password-blog-M1-ynov\tests\Feature\PostTest.php" line="62" class="Tests\Feature\PostTest" classname="Tests.Feature.PostTest" assertions="2" time="0.062762"/>
        <testcase name="user_can_update_post_with_valid_data" file="C:\Users\playc\PhpstormProjects\password-blog-M1-ynov\tests\Feature\PostTest.php" line="84" class="Tests\Feature\PostTest" classname="Tests.Feature.PostTest" assertions="4" time="0.063340"/>
        <testcase name="test_post_update_slug_must_be_unique_except_current_post" file="C:\Users\playc\PhpstormProjects\password-blog-M1-ynov\tests\Feature\PostTest.php" line="109" class="Tests\Feature\PostTest" classname="Tests.Feature.PostTest" assertions="2" time="0.066823"/>
      </testsuite>
      <testsuite name="Tests\Feature\ProfileTest" file="C:\Users\playc\PhpstormProjects\password-blog-M1-ynov\tests\Feature\ProfileTest.php" tests="5" assertions="21" errors="0" failures="0" skipped="0" time="0.444927">
        <testcase name="test_profile_page_is_displayed" file="C:\Users\playc\PhpstormProjects\password-blog-M1-ynov\tests\Feature\ProfileTest.php" line="13" class="Tests\Feature\ProfileTest" classname="Tests.Feature.ProfileTest" assertions="1" time="0.084271"/>
        <testcase name="test_profile_information_can_be_updated" file="C:\Users\playc\PhpstormProjects\password-blog-M1-ynov\tests\Feature\ProfileTest.php" line="24" class="Tests\Feature\ProfileTest" classname="Tests.Feature.ProfileTest" assertions="6" time="0.101164"/>
        <testcase name="test_email_verification_status_is_unchanged_when_the_email_address_is_unchanged" file="C:\Users\playc\PhpstormProjects\password-blog-M1-ynov\tests\Feature\ProfileTest.php" line="46" class="Tests\Feature\ProfileTest" classname="Tests.Feature.ProfileTest" assertions="4" time="0.112677"/>
        <testcase name="test_user_can_delete_their_account" file="C:\Users\playc\PhpstormProjects\password-blog-M1-ynov\tests\Feature\ProfileTest.php" line="64" class="Tests\Feature\ProfileTest" classname="Tests.Feature.ProfileTest" assertions="5" time="0.085603"/>
        <testcase name="test_correct_password_must_be_provided_to_delete_account" file="C:\Users\playc\PhpstormProjects\password-blog-M1-ynov\tests\Feature\ProfileTest.php" line="82" class="Tests\Feature\ProfileTest" classname="Tests.Feature.ProfileTest" assertions="5" time="0.061212"/>
      </testsuite>
    </testsuite>
  </testsuite>
</testsuites>
