<?xml version="1.0" encoding="UTF-8"?>
<testsuites>
  <testsuite name="C:\Users\playc\PhpstormProjects\password-blog-M1-ynov\phpunit.xml" tests="29" assertions="72" errors="0" failures="0" skipped="0" time="1.198624">
    <testsuite name="Unit" tests="1" assertions="1" errors="0" failures="0" skipped="0" time="0.003414">
      <testsuite name="Tests\Unit\ExampleTest" file="C:\Users\playc\PhpstormProjects\password-blog-M1-ynov\tests\Unit\ExampleTest.php" tests="1" assertions="1" errors="0" failures="0" skipped="0" time="0.003414">
        <testcase name="test_that_true_is_true" file="C:\Users\playc\PhpstormProjects\password-blog-M1-ynov\tests\Unit\ExampleTest.php" line="12" class="Tests\Unit\ExampleTest" classname="Tests.Unit.ExampleTest" assertions="1" time="0.003414"/>
      </testsuite>
    </testsuite>
    <testsuite name="Feature" tests="28" assertions="71" errors="0" failures="0" skipped="0" time="1.195209">
      <testsuite name="Tests\Feature\Auth\AuthenticationTest" file="C:\Users\playc\PhpstormProjects\password-blog-M1-ynov\tests\Feature\Auth\AuthenticationTest.php" tests="4" assertions="8" errors="0" failures="0" skipped="0" time="0.634950">
        <testcase name="test_login_screen_can_be_rendered" file="C:\Users\playc\PhpstormProjects\password-blog-M1-ynov\tests\Feature\Auth\AuthenticationTest.php" line="14" class="Tests\Feature\Auth\AuthenticationTest" classname="Tests.Feature.Auth.AuthenticationTest" assertions="1" time="0.363791"/>
        <testcase name="test_users_can_authenticate_using_the_login_screen" file="C:\Users\playc\PhpstormProjects\password-blog-M1-ynov\tests\Feature\Auth\AuthenticationTest.php" line="21" class="Tests\Feature\Auth\AuthenticationTest" classname="Tests.Feature.Auth.AuthenticationTest" assertions="3" time="0.036037"/>
        <testcase name="test_users_can_not_authenticate_with_invalid_password" file="C:\Users\playc\PhpstormProjects\password-blog-M1-ynov\tests\Feature\Auth\AuthenticationTest.php" line="34" class="Tests\Feature\Auth\AuthenticationTest" classname="Tests.Feature.Auth.AuthenticationTest" assertions="1" time="0.221656"/>
        <testcase name="test_users_can_logout" file="C:\Users\playc\PhpstormProjects\password-blog-M1-ynov\tests\Feature\Auth\AuthenticationTest.php" line="46" class="Tests\Feature\Auth\AuthenticationTest" classname="Tests.Feature.Auth.AuthenticationTest" assertions="3" time="0.013467"/>
      </testsuite>
      <testsuite name="Tests\Feature\Auth\EmailVerificationTest" file="C:\Users\playc\PhpstormProjects\password-blog-M1-ynov\tests\Feature\Auth\EmailVerificationTest.php" tests="3" assertions="6" errors="0" failures="0" skipped="0" time="0.045297">
        <testcase name="test_email_verification_screen_can_be_rendered" file="C:\Users\playc\PhpstormProjects\password-blog-M1-ynov\tests\Feature\Auth\EmailVerificationTest.php" line="17" class="Tests\Feature\Auth\EmailVerificationTest" classname="Tests.Feature.Auth.EmailVerificationTest" assertions="1" time="0.014783"/>
        <testcase name="test_email_can_be_verified" file="C:\Users\playc\PhpstormProjects\password-blog-M1-ynov\tests\Feature\Auth\EmailVerificationTest.php" line="28" class="Tests\Feature\Auth\EmailVerificationTest" classname="Tests.Feature.Auth.EmailVerificationTest" assertions="4" time="0.015314"/>
        <testcase name="test_email_is_not_verified_with_invalid_hash" file="C:\Users\playc\PhpstormProjects\password-blog-M1-ynov\tests\Feature\Auth\EmailVerificationTest.php" line="49" class="Tests\Feature\Auth\EmailVerificationTest" classname="Tests.Feature.Auth.EmailVerificationTest" assertions="1" time="0.015200"/>
      </testsuite>
      <testsuite name="Tests\Feature\Auth\PasswordConfirmationTest" file="C:\Users\playc\PhpstormProjects\password-blog-M1-ynov\tests\Feature\Auth\PasswordConfirmationTest.php" tests="3" assertions="4" errors="0" failures="0" skipped="0" time="0.247622">
        <testcase name="test_confirm_password_screen_can_be_rendered" file="C:\Users\playc\PhpstormProjects\password-blog-M1-ynov\tests\Feature\Auth\PasswordConfirmationTest.php" line="13" class="Tests\Feature\Auth\PasswordConfirmationTest" classname="Tests.Feature.Auth.PasswordConfirmationTest" assertions="1" time="0.015708"/>
        <testcase name="test_password_can_be_confirmed" file="C:\Users\playc\PhpstormProjects\password-blog-M1-ynov\tests\Feature\Auth\PasswordConfirmationTest.php" line="22" class="Tests\Feature\Auth\PasswordConfirmationTest" classname="Tests.Feature.Auth.PasswordConfirmationTest" assertions="2" time="0.012299"/>
        <testcase name="test_password_is_not_confirmed_with_invalid_password" file="C:\Users\playc\PhpstormProjects\password-blog-M1-ynov\tests\Feature\Auth\PasswordConfirmationTest.php" line="34" class="Tests\Feature\Auth\PasswordConfirmationTest" classname="Tests.Feature.Auth.PasswordConfirmationTest" assertions="1" time="0.219615"/>
      </testsuite>
      <testsuite name="Tests\Feature\Auth\PasswordResetTest" file="C:\Users\playc\PhpstormProjects\password-blog-M1-ynov\tests\Feature\Auth\PasswordResetTest.php" tests="4" assertions="6" errors="0" failures="0" skipped="0" time="0.070291">
        <testcase name="test_reset_password_link_screen_can_be_rendered" file="C:\Users\playc\PhpstormProjects\password-blog-M1-ynov\tests\Feature\Auth\PasswordResetTest.php" line="15" class="Tests\Feature\Auth\PasswordResetTest" classname="Tests.Feature.Auth.PasswordResetTest" assertions="1" time="0.013305"/>
        <testcase name="test_reset_password_link_can_be_requested" file="C:\Users\playc\PhpstormProjects\password-blog-M1-ynov\tests\Feature\Auth\PasswordResetTest.php" line="22" class="Tests\Feature\Auth\PasswordResetTest" classname="Tests.Feature.Auth.PasswordResetTest" assertions="1" time="0.022530"/>
        <testcase name="test_reset_password_screen_can_be_rendered" file="C:\Users\playc\PhpstormProjects\password-blog-M1-ynov\tests\Feature\Auth\PasswordResetTest.php" line="33" class="Tests\Feature\Auth\PasswordResetTest" classname="Tests.Feature.Auth.PasswordResetTest" assertions="2" time="0.016915"/>
        <testcase name="test_password_can_be_reset_with_valid_token" file="C:\Users\playc\PhpstormProjects\password-blog-M1-ynov\tests\Feature\Auth\PasswordResetTest.php" line="50" class="Tests\Feature\Auth\PasswordResetTest" classname="Tests.Feature.Auth.PasswordResetTest" assertions="2" time="0.017542"/>
      </testsuite>
      <testsuite name="Tests\Feature\Auth\PasswordUpdateTest" file="C:\Users\playc\PhpstormProjects\password-blog-M1-ynov\tests\Feature\Auth\PasswordUpdateTest.php" tests="2" assertions="8" errors="0" failures="0" skipped="0" time="0.027849">
        <testcase name="test_password_can_be_updated" file="C:\Users\playc\PhpstormProjects\password-blog-M1-ynov\tests\Feature\Auth\PasswordUpdateTest.php" line="14" class="Tests\Feature\Auth\PasswordUpdateTest" classname="Tests.Feature.Auth.PasswordUpdateTest" assertions="4" time="0.015232"/>
        <testcase name="test_correct_password_must_be_provided_to_update_password" file="C:\Users\playc\PhpstormProjects\password-blog-M1-ynov\tests\Feature\Auth\PasswordUpdateTest.php" line="34" class="Tests\Feature\Auth\PasswordUpdateTest" classname="Tests.Feature.Auth.PasswordUpdateTest" assertions="4" time="0.012618"/>
      </testsuite>
      <testsuite name="Tests\Feature\Auth\RegistrationTest" file="C:\Users\playc\PhpstormProjects\password-blog-M1-ynov\tests\Feature\Auth\RegistrationTest.php" tests="2" assertions="4" errors="0" failures="0" skipped="0" time="0.024023">
        <testcase name="test_registration_screen_can_be_rendered" file="C:\Users\playc\PhpstormProjects\password-blog-M1-ynov\tests\Feature\Auth\RegistrationTest.php" line="13" class="Tests\Feature\Auth\RegistrationTest" classname="Tests.Feature.Auth.RegistrationTest" assertions="1" time="0.012588"/>
        <testcase name="test_new_users_can_register" file="C:\Users\playc\PhpstormProjects\password-blog-M1-ynov\tests\Feature\Auth\RegistrationTest.php" line="20" class="Tests\Feature\Auth\RegistrationTest" classname="Tests.Feature.Auth.RegistrationTest" assertions="3" time="0.011435"/>
      </testsuite>
      <testsuite name="Tests\Feature\PostTest" file="C:\Users\playc\PhpstormProjects\password-blog-M1-ynov\tests\Feature\PostTest.php" tests="5" assertions="14" errors="0" failures="0" skipped="0" time="0.073337">
        <testcase name="test_user_can_create_post_with_valid_data" file="C:\Users\playc\PhpstormProjects\password-blog-M1-ynov\tests\Feature\PostTest.php" line="17" class="Tests\Feature\PostTest" classname="Tests.Feature.PostTest" assertions="4" time="0.017735"/>
        <testcase name="post_creation_requires_name" file="C:\Users\playc\PhpstormProjects\password-blog-M1-ynov\tests\Feature\PostTest.php" line="43" class="Tests\Feature\PostTest" classname="Tests.Feature.PostTest" assertions="2" time="0.012939"/>
        <testcase name="post_slug_must_be_unique" file="C:\Users\playc\PhpstormProjects\password-blog-M1-ynov\tests\Feature\PostTest.php" line="62" class="Tests\Feature\PostTest" classname="Tests.Feature.PostTest" assertions="2" time="0.014297"/>
        <testcase name="user_can_update_post_with_valid_data" file="C:\Users\playc\PhpstormProjects\password-blog-M1-ynov\tests\Feature\PostTest.php" line="84" class="Tests\Feature\PostTest" classname="Tests.Feature.PostTest" assertions="4" time="0.013899"/>
        <testcase name="test_post_update_slug_must_be_unique_except_current_post" file="C:\Users\playc\PhpstormProjects\password-blog-M1-ynov\tests\Feature\PostTest.php" line="109" class="Tests\Feature\PostTest" classname="Tests.Feature.PostTest" assertions="2" time="0.014468"/>
      </testsuite>
      <testsuite name="Tests\Feature\ProfileTest" file="C:\Users\playc\PhpstormProjects\password-blog-M1-ynov\tests\Feature\ProfileTest.php" tests="5" assertions="21" errors="0" failures="0" skipped="0" time="0.071838">
        <testcase name="test_profile_page_is_displayed" file="C:\Users\playc\PhpstormProjects\password-blog-M1-ynov\tests\Feature\ProfileTest.php" line="13" class="Tests\Feature\ProfileTest" classname="Tests.Feature.ProfileTest" assertions="1" time="0.021621"/>
        <testcase name="test_profile_information_can_be_updated" file="C:\Users\playc\PhpstormProjects\password-blog-M1-ynov\tests\Feature\ProfileTest.php" line="24" class="Tests\Feature\ProfileTest" classname="Tests.Feature.ProfileTest" assertions="6" time="0.012425"/>
        <testcase name="test_email_verification_status_is_unchanged_when_the_email_address_is_unchanged" file="C:\Users\playc\PhpstormProjects\password-blog-M1-ynov\tests\Feature\ProfileTest.php" line="46" class="Tests\Feature\ProfileTest" classname="Tests.Feature.ProfileTest" assertions="4" time="0.011997"/>
        <testcase name="test_user_can_delete_their_account" file="C:\Users\playc\PhpstormProjects\password-blog-M1-ynov\tests\Feature\ProfileTest.php" line="64" class="Tests\Feature\ProfileTest" classname="Tests.Feature.ProfileTest" assertions="5" time="0.012606"/>
        <testcase name="test_correct_password_must_be_provided_to_delete_account" file="C:\Users\playc\PhpstormProjects\password-blog-M1-ynov\tests\Feature\ProfileTest.php" line="82" class="Tests\Feature\ProfileTest" classname="Tests.Feature.ProfileTest" assertions="5" time="0.013189"/>
      </testsuite>
    </testsuite>
  </testsuite>
</testsuites>
